<?xml version="1.0" encoding="UTF-8"?>
<testsuite xmlns:xsi="http://www.w3.org/2001/XMLSchema-instance" xsi:noNamespaceSchemaLocation="https://maven.apache.org/surefire/maven-surefire-plugin/xsd/surefire-test-report.xsd" name="TestSuite" time="0.506" tests="22" errors="0" skipped="0" failures="0">
  <properties>
    <property name="sun.desktop" value="windows"/>
    <property name="awt.toolkit" value="sun.awt.windows.WToolkit"/>
    <property name="java.specification.version" value="11"/>
    <property name="sun.cpu.isalist" value="amd64"/>
    <property name="sun.jnu.encoding" value="Cp1251"/>
    <property name="java.class.path" value="C:\Dumpster\MAIS\laba3\demo\target\test-classes;C:\Dumpster\MAIS\laba3\demo\target\classes;C:\Users\krest\.m2\repository\org\apache\logging\log4j\log4j-core\2.17.1\log4j-core-2.17.1.jar;C:\Users\krest\.m2\repository\org\apache\logging\log4j\log4j-api\2.17.1\log4j-api-2.17.1.jar;C:\Users\krest\.m2\repository\org\apache\logging\log4j\log4j-slf4j-impl\2.17.1\log4j-slf4j-impl-2.17.1.jar;C:\Users\krest\.m2\repository\org\slf4j\slf4j-api\1.7.25\slf4j-api-1.7.25.jar;C:\Users\krest\.m2\repository\org\testng\testng\7.4.0\testng-7.4.0.jar;C:\Users\krest\.m2\repository\com\beust\jcommander\1.78\jcommander-1.78.jar;C:\Users\krest\.m2\repository\org\webjars\jquery\3.5.1\jquery-3.5.1.jar;"/>
    <property name="java.vm.vendor" value="Oracle Corporation"/>
    <property name="sun.arch.data.model" value="64"/>
    <property name="user.variant" value=""/>
    <property name="java.vendor.url" value="https://openjdk.java.net/"/>
    <property name="user.timezone" value="Europe/Moscow"/>
    <property name="user.country.format" value="BY"/>
    <property name="java.vm.specification.version" value="11"/>
    <property name="os.name" value="Windows 10"/>
    <property name="sun.java.launcher" value="SUN_STANDARD"/>
    <property name="user.country" value="RU"/>
    <property name="sun.boot.library.path" value="C:\Program Files\Java\jdk-11\bin"/>
    <property name="sun.java.command" value="C:\Users\krest\AppData\Local\Temp\surefire5433010085795487622\surefirebooter3845314881423269515.jar C:\Users\krest\AppData\Local\Temp\surefire5433010085795487622 2024-10-24T18-37-04_092-jvmRun1 surefire7646329388939465101tmp surefire_010993707984863269533tmp"/>
    <property name="jdk.debug" value="release"/>
    <property name="surefire.test.class.path" value="C:\Dumpster\MAIS\laba3\demo\target\test-classes;C:\Dumpster\MAIS\laba3\demo\target\classes;C:\Users\krest\.m2\repository\org\apache\logging\log4j\log4j-core\2.17.1\log4j-core-2.17.1.jar;C:\Users\krest\.m2\repository\org\apache\logging\log4j\log4j-api\2.17.1\log4j-api-2.17.1.jar;C:\Users\krest\.m2\repository\org\apache\logging\log4j\log4j-slf4j-impl\2.17.1\log4j-slf4j-impl-2.17.1.jar;C:\Users\krest\.m2\repository\org\slf4j\slf4j-api\1.7.25\slf4j-api-1.7.25.jar;C:\Users\krest\.m2\repository\org\testng\testng\7.4.0\testng-7.4.0.jar;C:\Users\krest\.m2\repository\com\beust\jcommander\1.78\jcommander-1.78.jar;C:\Users\krest\.m2\repository\org\webjars\jquery\3.5.1\jquery-3.5.1.jar;"/>
    <property name="sun.cpu.endian" value="little"/>
    <property name="user.home" value="C:\Users\krest"/>
    <property name="user.language" value="ru"/>
    <property name="java.specification.vendor" value="Oracle Corporation"/>
    <property name="java.version.date" value="2024-04-16"/>
    <property name="java.home" value="C:\Program Files\Java\jdk-11"/>
    <property name="file.separator" value="\"/>
    <property name="basedir" value="C:\Dumpster\MAIS\laba3\demo"/>
    <property name="java.vm.compressedOopsMode" value="Zero based"/>
    <property name="line.separator" value="&#10;"/>
    <property name="java.specification.name" value="Java Platform API Specification"/>
    <property name="java.vm.specification.vendor" value="Oracle Corporation"/>
    <property name="java.awt.graphicsenv" value="sun.awt.Win32GraphicsEnvironment"/>
    <property name="surefire.real.class.path" value="C:\Users\krest\AppData\Local\Temp\surefire5433010085795487622\surefirebooter3845314881423269515.jar"/>
    <property name="user.script" value=""/>
    <property name="sun.management.compiler" value="HotSpot 64-Bit Tiered Compilers"/>
    <property name="java.runtime.version" value="11.0.23+7-LTS-222"/>
    <property name="user.name" value="Gabimaru"/>
    <property name="path.separator" value=";"/>
    <property name="os.version" value="10.0"/>
    <property name="java.runtime.name" value="Java(TM) SE Runtime Environment"/>
    <property name="file.encoding" value="Cp1251"/>
    <property name="java.vm.name" value="Java HotSpot(TM) 64-Bit Server VM"/>
    <property name="java.vendor.version" value="18.9"/>
    <property name="localRepository" value="C:\Users\krest\.m2\repository"/>
    <property name="java.vendor.url.bug" value="https://bugreport.java.com/bugreport/"/>
    <property name="java.io.tmpdir" value="C:\Users\krest\AppData\Local\Temp\"/>
    <property name="java.version" value="11.0.23"/>
    <property name="user.dir" value="C:\Dumpster\MAIS\laba3\demo"/>
    <property name="os.arch" value="amd64"/>
    <property name="java.vm.specification.name" value="Java Virtual Machine Specification"/>
    <property name="java.awt.printerjob" value="sun.awt.windows.WPrinterJob"/>
    <property name="sun.os.patch.level" value=""/>
    <property name="java.library.path" value="C:\Program Files\Java\jdk-11\bin;C:\WINDOWS\Sun\Java\bin;C:\WINDOWS\system32;C:\WINDOWS;C:\Program Files\Common Files\Oracle\Java\javapath;C:\WINDOWS\system32;C:\WINDOWS;C:\WINDOWS\System32\Wbem;C:\WINDOWS\System32\WindowsPowerShell\v1.0\;C:\WINDOWS\System32\OpenSSH\;C:\Program Files\Docker\Docker\resources\bin;C:\Program Files\Microsoft SQL Server\120\Tools\Binn\;C:\Users\krest\AppData\Local\Microsoft\WindowsApps;C:\Users\krest\AppData\Local\Programs\Microsoft VS Code\bin;%JAVA_HOME%\bin;C:\Program Files\Java\Maven\apache-maven-3.9.9\bin;C:\Users\krest\AppData\Local\GitHubDesktop\bin;."/>
    <property name="java.vendor" value="Oracle Corporation"/>
    <property name="java.vm.info" value="mixed mode"/>
    <property name="java.vm.version" value="11.0.23+7-LTS-222"/>
    <property name="java.specification.maintenance.version" value="2"/>
    <property name="sun.io.unicode.encoding" value="UnicodeLittle"/>
    <property name="java.class.version" value="55.0"/>
  </properties>
  <testcase name="testCalculateArea" classname="com.example.action.TriangleActionTest" time="0.005"/>
  <testcase name="testCalculatePerimeter" classname="com.example.action.TriangleActionTest" time="0"/>
  <testcase name="testIsEquilateralTriangle" classname="com.example.action.TriangleActionTest" time="0"/>
  <testcase name="testIsRightTriangle" classname="com.example.action.TriangleActionTest" time="0"/>
  <testcase name="testPointCreation" classname="com.example.entity.PointTest" time="0"/>
  <testcase name="testPointEquality" classname="com.example.entity.PointTest" time="0"/>
  <testcase name="testPointHashCode" classname="com.example.entity.PointTest" time="0"/>
  <testcase name="testPointToString" classname="com.example.entity.PointTest" time="0"/>
  <testcase name="testArePointsCollinear" classname="com.example.entity.TriangleTest" time="0"/>
  <testcase name="testTriangleCreation" classname="com.example.entity.TriangleTest" time="0"/>
  <testcase name="testTriangleEquality" classname="com.example.entity.TriangleTest" time="0"/>
  <testcase name="testTriangleHashCode" classname="com.example.entity.TriangleTest" time="0"/>
  <testcase name="testTriangleToString" classname="com.example.entity.TriangleTest" time="0"/>
  <testcase name="testInvalidPoint_NaN" classname="com.example.validator.PointValidatorTest" time="0"/>
  <testcase name="testInvalidPoint_NegativeInfinity" classname="com.example.validator.PointValidatorTest" time="0"/>
  <testcase name="testInvalidPoint_PositiveInfinity" classname="com.example.validator.PointValidatorTest" time="0"/>
  <testcase name="testValidPoint" classname="com.example.validator.PointValidatorTest" time="0"/>
  <testcase name="testInvalidTriangle_CollinearPoints" classname="com.example.validator.TriangleValidatorTest" time="0"/>
  <testcase name="testInvalidTriangle_InvalidPoint" classname="com.example.validator.TriangleValidatorTest" time="0"/>
  <testcase name="testInvalidTriangle_NegativeInfinityPoint" classname="com.example.validator.TriangleValidatorTest" time="0"/>
  <testcase name="testInvalidTriangle_PositiveInfinityPoint" classname="com.example.validator.TriangleValidatorTest" time="0"/>
  <testcase name="testValidTriangle" classname="com.example.validator.TriangleValidatorTest" time="0"/>
</testsuite>