<?xml version="1.0" encoding="UTF-8"?>
<!-- Generated by org.testng.reporters.JUnitReportReporter -->
<testsuite hostname="Finolitik" failures="0" tests="4" name="com.example.entity.PointTest" time="0.000" errors="0" timestamp="2024-10-24T18:37:05 MSK" skipped="0">
  <testcase classname="com.example.entity.PointTest" name="testPointCreation" time="0.000"/>
  <system-out/>
  <testcase classname="com.example.entity.PointTest" name="testPointHashCode" time="0.000"/>
  <system-out/>
  <testcase classname="com.example.entity.PointTest" name="testPointToString" time="0.000"/>
  <system-out/>
  <testcase classname="com.example.entity.PointTest" name="testPointEquality" time="0.000"/>
  <system-out/>
</testsuite> <!-- com.example.entity.PointTest -->
