<?xml version="1.0" encoding="UTF-8"?>
<!-- Generated by org.testng.reporters.JUnitReportReporter -->
<testsuite hostname="Finolitik" failures="0" tests="4" name="com.example.validator.PointValidatorTest" time="0.000" errors="0" timestamp="2024-10-24T18:37:05 MSK" skipped="0">
  <testcase classname="com.example.validator.PointValidatorTest" name="testInvalidPoint_NegativeInfinity" time="0.000"/>
  <system-out/>
  <testcase classname="com.example.validator.PointValidatorTest" name="testInvalidPoint_PositiveInfinity" time="0.000"/>
  <system-out/>
  <testcase classname="com.example.validator.PointValidatorTest" name="testInvalidPoint_NaN" time="0.000"/>
  <system-out/>
  <testcase classname="com.example.validator.PointValidatorTest" name="testValidPoint" time="0.000"/>
  <system-out/>
</testsuite> <!-- com.example.validator.PointValidatorTest -->
