<?xml version="1.0" encoding="UTF-8"?>
<!-- Generated by org.testng.reporters.JUnitReportReporter -->
<testsuite hostname="Finolitik" failures="0" tests="5" name="com.example.validator.TriangleValidatorTest" time="0.000" errors="0" timestamp="2024-10-24T18:37:05 MSK" skipped="0">
  <testcase classname="com.example.validator.TriangleValidatorTest" name="testInvalidTriangle_PositiveInfinityPoint" time="0.000"/>
  <system-out/>
  <testcase classname="com.example.validator.TriangleValidatorTest" name="testInvalidTriangle_CollinearPoints" time="0.000"/>
  <system-out/>
  <testcase classname="com.example.validator.TriangleValidatorTest" name="testInvalidTriangle_InvalidPoint" time="0.000"/>
  <system-out/>
  <testcase classname="com.example.validator.TriangleValidatorTest" name="testInvalidTriangle_NegativeInfinityPoint" time="0.000"/>
  <system-out/>
  <testcase classname="com.example.validator.TriangleValidatorTest" name="testValidTriangle" time="0.000"/>
  <system-out/>
</testsuite> <!-- com.example.validator.TriangleValidatorTest -->
