<?xml version="1.0" encoding="UTF-8"?>
<!-- Generated by org.testng.reporters.JUnitReportReporter -->
<testsuite hostname="Finolitik" failures="0" tests="4" name="com.example.action.TriangleActionTest" time="0.004" errors="0" timestamp="2024-10-24T18:37:05 MSK" skipped="0">
  <testcase classname="com.example.action.TriangleActionTest" name="testCalculatePerimeter" time="0.000"/>
  <system-out/>
  <testcase classname="com.example.action.TriangleActionTest" name="testIsEquilateralTriangle" time="0.000"/>
  <system-out/>
  <testcase classname="com.example.action.TriangleActionTest" name="testIsRightTriangle" time="0.000"/>
  <system-out/>
  <testcase classname="com.example.action.TriangleActionTest" name="testCalculateArea" time="0.004"/>
  <system-out/>
</testsuite> <!-- com.example.action.TriangleActionTest -->
