<?xml version="1.0" encoding="UTF-8"?>
<!-- Generated by org.testng.reporters.JUnitReportReporter -->
<testsuite hostname="Finolitik" failures="0" tests="5" name="com.example.entity.TriangleTest" time="0.000" errors="0" timestamp="2024-10-24T18:37:05 MSK" skipped="0">
  <testcase classname="com.example.entity.TriangleTest" name="testArePointsCollinear" time="0.000"/>
  <system-out/>
  <testcase classname="com.example.entity.TriangleTest" name="testTriangleEquality" time="0.000"/>
  <system-out/>
  <testcase classname="com.example.entity.TriangleTest" name="testTriangleCreation" time="0.000"/>
  <system-out/>
  <testcase classname="com.example.entity.TriangleTest" name="testTriangleToString" time="0.000"/>
  <system-out/>
  <testcase classname="com.example.entity.TriangleTest" name="testTriangleHashCode" time="0.000"/>
  <system-out/>
</testsuite> <!-- com.example.entity.TriangleTest -->
